execve("./bin/readdir1", ["./bin/readdir1"], 0x7fffa48c6040 /* 81 vars */) = 0
brk(NULL)                               = 0x5aa7cee8f000
arch_prctl(0x3001 /* ARCH_??? */, 0x7fff386a1660) = -1 EINVAL (Invalid argument)
mmap(NULL, 8192, PROT_READ|PROT_WRITE, MAP_PRIVATE|MAP_ANONYMOUS, -1, 0) = 0x7da32201b000
access("/etc/ld.so.preload", R_OK)      = -1 ENOENT (No such file or directory)
openat(AT_FDCWD, "/etc/ld.so.cache", O_RDONLY|O_CLOEXEC) = 3
newfstatat(3, "", {st_mode=S_IFREG|0644, st_size=115843, ...}, AT_EMPTY_PATH) = 0
mmap(NULL, 115843, PROT_READ, MAP_PRIVATE, 3, 0) = 0x7da321ffe000
close(3)                                = 0
openat(AT_FDCWD, "/lib/x86_64-linux-gnu/libc.so.6", O_RDONLY|O_CLOEXEC) = 3
read(3, "\177ELF\2\1\1\3\0\0\0\0\0\0\0\0\3\0>\0\1\0\0\0P\237\2\0\0\0\0\0"..., 832) = 832
pread64(3, "\6\0\0\0\4\0\0\0@\0\0\0\0\0\0\0@\0\0\0\0\0\0\0@\0\0\0\0\0\0\0"..., 784, 64) = 784
pread64(3, "\4\0\0\0 \0\0\0\5\0\0\0GNU\0\2\0\0\300\4\0\0\0\3\0\0\0\0\0\0\0"..., 48, 848) = 48
pread64(3, "\4\0\0\0\24\0\0\0\3\0\0\0GNU\0I\17\357\204\3$\f\221\2039x\324\224\323\236S"..., 68, 896) = 68
newfstatat(3, "", {st_mode=S_IFREG|0755, st_size=2220400, ...}, AT_EMPTY_PATH) = 0
pread64(3, "\6\0\0\0\4\0\0\0@\0\0\0\0\0\0\0@\0\0\0\0\0\0\0@\0\0\0\0\0\0\0"..., 784, 64) = 784
mmap(NULL, 2264656, PROT_READ, MAP_PRIVATE|MAP_DENYWRITE, 3, 0) = 0x7da321c00000
mprotect(0x7da321c28000, 2023424, PROT_NONE) = 0
mmap(0x7da321c28000, 1658880, PROT_READ|PROT_EXEC, MAP_PRIVATE|MAP_FIXED|MAP_DENYWRITE, 3, 0x28000) = 0x7da321c28000
mmap(0x7da321dbd000, 360448, PROT_READ, MAP_PRIVATE|MAP_FIXED|MAP_DENYWRITE, 3, 0x1bd000) = 0x7da321dbd000
mmap(0x7da321e16000, 24576, PROT_READ|PROT_WRITE, MAP_PRIVATE|MAP_FIXED|MAP_DENYWRITE, 3, 0x215000) = 0x7da321e16000
mmap(0x7da321e1c000, 52816, PROT_READ|PROT_WRITE, MAP_PRIVATE|MAP_FIXED|MAP_ANONYMOUS, -1, 0) = 0x7da321e1c000
close(3)                                = 0
mmap(NULL, 12288, PROT_READ|PROT_WRITE, MAP_PRIVATE|MAP_ANONYMOUS, -1, 0) = 0x7da321ffb000
arch_prctl(ARCH_SET_FS, 0x7da321ffb740) = 0
set_tid_address(0x7da321ffba10)         = 815229
set_robust_list(0x7da321ffba20, 24)     = 0
rseq(0x7da321ffc0e0, 0x20, 0, 0x53053053) = 0
mprotect(0x7da321e16000, 16384, PROT_READ) = 0
mprotect(0x5aa7cd3d3000, 4096, PROT_READ) = 0
mprotect(0x7da322055000, 8192, PROT_READ) = 0
prlimit64(0, RLIMIT_STACK, NULL, {rlim_cur=8192*1024, rlim_max=RLIM64_INFINITY}) = 0
munmap(0x7da321ffe000, 115843)          = 0
openat(AT_FDCWD, ".", O_RDONLY|O_NONBLOCK|O_CLOEXEC|O_DIRECTORY) = 3
newfstatat(3, "", {st_mode=S_IFDIR|0775, st_size=4096, ...}, AT_EMPTY_PATH) = 0
getrandom("\x47\xcd\xf2\xaf\x29\xa8\xbf\x5f", 8, GRND_NONBLOCK) = 8
brk(NULL)                               = 0x5aa7cee8f000
brk(0x5aa7ceeb0000)                     = 0x5aa7ceeb0000
getdents64(3, 0x5aa7cee8f2d0 /* 10 entries */, 32768) = 312
newfstatat(1, "", {st_mode=S_IFCHR|0620, st_rdev=makedev(0x88, 0x1), ...}, AT_EMPTY_PATH) = 0
write(1, ".git\n", 5)                   = 5
write(1, ".gitignore\n", 11)            = 11
write(1, "bin\n", 4)                    = 4
write(1, "strace-readdir1.out\n", 20)   = 20
write(1, "strace-ls.out\n", 14)         = 14
write(1, "README.md\n", 10)             = 10
write(1, "ls-syscalls.txt\n", 16)       = 16
write(1, "readdir1.c\n", 11)            = 11
getdents64(3, 0x5aa7cee8f2d0 /* 0 entries */, 32768) = 0
close(3)                                = 0
exit_group(0)                           = ?
+++ exited with 0 +++
